2021-07-13 11:10:56,655 ERROR 84144 [-/127.0.0.1/-/5ms POST /v1/search] nodejs.CastError: Cast to string failed for value "{ name: '水果' }" (type Object) at path "name" for model "Goods"
    at model.Query.exec (/Users/hemiao/Desktop/项目/h5-mall/server/node_modules/_mongoose@5.13.0@mongoose/lib/query.js:4498:21)
    at model.Query.Query.then (/Users/hemiao/Desktop/项目/h5-mall/server/node_modules/_mongoose@5.13.0@mongoose/lib/query.js:4592:15)
    at runMicrotasks (<anonymous>)
    at processTicksAndRejections (internal/process/task_queues.js:95:5)
messageFormat: undefined
stringValue: "\"{ name: '水果' }\""
kind: "string"
value: {"name":"水果"}
path: "name"
reason: null
valueType: "Object"
pid: 84144
hostname: hemiao.local

2021-07-13 11:11:07,410 ERROR 84144 [-/127.0.0.1/-/0ms POST /v1/search] nodejs.CastError: Cast to string failed for value "{ name: '水果' }" (type Object) at path "name" for model "Goods"
    at model.Query.exec (/Users/hemiao/Desktop/项目/h5-mall/server/node_modules/_mongoose@5.13.0@mongoose/lib/query.js:4498:21)
    at model.Query.Query.then (/Users/hemiao/Desktop/项目/h5-mall/server/node_modules/_mongoose@5.13.0@mongoose/lib/query.js:4592:15)
    at runMicrotasks (<anonymous>)
    at processTicksAndRejections (internal/process/task_queues.js:95:5)
messageFormat: undefined
stringValue: "\"{ name: '水果' }\""
kind: "string"
value: {"name":"水果"}
path: "name"
reason: null
valueType: "Object"
pid: 84144
hostname: hemiao.local

2021-07-13 11:11:19,812 ERROR 84144 [-/127.0.0.1/-/2ms POST /v1/search] nodejs.CastError: Cast to string failed for value "{ name: '果' }" (type Object) at path "name" for model "Goods"
    at model.Query.exec (/Users/hemiao/Desktop/项目/h5-mall/server/node_modules/_mongoose@5.13.0@mongoose/lib/query.js:4498:21)
    at model.Query.Query.then (/Users/hemiao/Desktop/项目/h5-mall/server/node_modules/_mongoose@5.13.0@mongoose/lib/query.js:4592:15)
    at runMicrotasks (<anonymous>)
    at processTicksAndRejections (internal/process/task_queues.js:95:5)
messageFormat: undefined
stringValue: "\"{ name: '果' }\""
kind: "string"
value: {"name":"果"}
path: "name"
reason: null
valueType: "Object"
pid: 84144
hostname: hemiao.local

